<?xml version="1.0" encoding="UTF-8"?>
<coverage generated="1688672826702" clover="3.2.0">
  <project timestamp="1688672826702" name="All files">
    <metrics statements="111" coveredstatements="103" conditionals="91" coveredconditionals="75" methods="27" coveredmethods="26" elements="229" coveredelements="204" complexity="0" loc="111" ncloc="111" packages="1" files="1" classes="1"/>
    <file name="utils.js" path="/Users/philipziolkowski/Development/code/stanford/roar-utils/src/utils.js">
      <metrics statements="111" coveredstatements="103" conditionals="91" coveredconditionals="75" methods="27" coveredmethods="26"/>
      <line num="9" count="95" type="stmt"/>
      <line num="10" count="92" type="cond" truecount="2" falsecount="0"/>
      <line num="11" count="1" type="stmt"/>
      <line num="17" count="1" type="stmt"/>
      <line num="19" count="1" type="stmt"/>
      <line num="20" count="10" type="stmt"/>
      <line num="21" count="10" type="stmt"/>
      <line num="24" count="1" type="stmt"/>
      <line num="44" count="0" type="cond" truecount="0" falsecount="4"/>
      <line num="45" count="0" type="stmt"/>
      <line num="47" count="0" type="stmt"/>
      <line num="50" count="0" type="stmt"/>
      <line num="55" count="16" type="cond" truecount="1" falsecount="1"/>
      <line num="57" count="16" type="stmt"/>
      <line num="58" count="16" type="cond" truecount="1" falsecount="1"/>
      <line num="60" count="16" type="stmt"/>
      <line num="62" count="0" type="cond" truecount="0" falsecount="2"/>
      <line num="67" count="16" type="cond" truecount="3" falsecount="2"/>
      <line num="68" count="0" type="stmt"/>
      <line num="70" count="16" type="stmt"/>
      <line num="74" count="138" type="cond" truecount="7" falsecount="0"/>
      <line num="75" count="16" type="stmt"/>
      <line num="76" count="122" type="cond" truecount="7" falsecount="0"/>
      <line num="77" count="12" type="stmt"/>
      <line num="78" count="110" type="cond" truecount="2" falsecount="0"/>
      <line num="79" count="18" type="stmt"/>
      <line num="80" count="92" type="cond" truecount="2" falsecount="0"/>
      <line num="81" count="6" type="stmt"/>
      <line num="82" count="86" type="cond" truecount="2" falsecount="0"/>
      <line num="83" count="18" type="stmt"/>
      <line num="84" count="68" type="cond" truecount="2" falsecount="0"/>
      <line num="85" count="20" type="stmt"/>
      <line num="87" count="48" type="stmt"/>
      <line num="92" count="138" type="stmt"/>
      <line num="93" count="138" type="cond" truecount="1" falsecount="1"/>
      <line num="94" count="0" type="stmt"/>
      <line num="96" count="138" type="cond" truecount="2" falsecount="0"/>
      <line num="97" count="90" type="cond" truecount="2" falsecount="0"/>
      <line num="98" count="48" type="cond" truecount="1" falsecount="1"/>
      <line num="99" count="0" type="stmt"/>
      <line num="116" count="8" type="stmt"/>
      <line num="117" count="8" type="stmt"/>
      <line num="118" count="8" type="stmt"/>
      <line num="120" count="8" type="cond" truecount="2" falsecount="0"/>
      <line num="121" count="24" type="stmt"/>
      <line num="122" count="69" type="stmt"/>
      <line num="123" count="69" type="stmt"/>
      <line num="124" count="69" type="stmt"/>
      <line num="125" count="69" type="stmt"/>
      <line num="127" count="69" type="stmt"/>
      <line num="131" count="8" type="cond" truecount="1" falsecount="0"/>
      <line num="133" count="12" type="cond" truecount="2" falsecount="0"/>
      <line num="134" count="3" type="stmt"/>
      <line num="135" count="3" type="stmt"/>
      <line num="139" count="9" type="cond" truecount="2" falsecount="0"/>
      <line num="140" count="6" type="cond" truecount="2" falsecount="0"/>
      <line num="141" count="3" type="stmt"/>
      <line num="143" count="3" type="stmt"/>
      <line num="148" count="9" type="cond" truecount="2" falsecount="0"/>
      <line num="149" count="3" type="stmt"/>
      <line num="153" count="9" type="cond" truecount="1" falsecount="1"/>
      <line num="154" count="9" type="stmt"/>
      <line num="158" count="8" type="stmt"/>
      <line num="159" count="3" type="stmt"/>
      <line num="160" count="6" type="stmt"/>
      <line num="164" count="8" type="stmt"/>
      <line num="165" count="9" type="cond" truecount="2" falsecount="0"/>
      <line num="166" count="8" type="stmt"/>
      <line num="168" count="1" type="stmt"/>
      <line num="169" count="1" type="cond" truecount="1" falsecount="1"/>
      <line num="170" count="1" type="stmt"/>
      <line num="175" count="8" type="cond" truecount="2" falsecount="0"/>
      <line num="176" count="4" type="stmt"/>
      <line num="177" count="8" type="stmt"/>
      <line num="181" count="8" type="cond" truecount="2" falsecount="0"/>
      <line num="182" count="4" type="stmt"/>
      <line num="185" count="8" type="stmt"/>
      <line num="210" count="8" type="stmt"/>
      <line num="211" count="8" type="stmt"/>
      <line num="212" count="8" type="stmt"/>
      <line num="215" count="24" type="stmt"/>
      <line num="216" count="69" type="stmt"/>
      <line num="217" count="69" type="stmt"/>
      <line num="220" count="69" type="cond" truecount="2" falsecount="0"/>
      <line num="221" count="12" type="stmt"/>
      <line num="238" count="69" type="stmt"/>
      <line num="278" count="12" type="cond" truecount="2" falsecount="0"/>
      <line num="279" count="3" type="stmt"/>
      <line num="280" count="3" type="stmt"/>
      <line num="284" count="9" type="cond" truecount="2" falsecount="0"/>
      <line num="285" count="6" type="stmt"/>
      <line num="289" count="9" type="cond" truecount="2" falsecount="0"/>
      <line num="290" count="3" type="stmt"/>
      <line num="294" count="9" type="cond" truecount="1" falsecount="1"/>
      <line num="295" count="9" type="stmt"/>
      <line num="301" count="6" type="cond" truecount="2" falsecount="0"/>
      <line num="302" count="3" type="stmt"/>
      <line num="304" count="3" type="stmt"/>
      <line num="310" count="3" type="stmt"/>
      <line num="311" count="6" type="stmt"/>
      <line num="317" count="9" type="cond" truecount="2" falsecount="0"/>
      <line num="318" count="8" type="stmt"/>
      <line num="320" count="1" type="stmt"/>
      <line num="321" count="1" type="cond" truecount="1" falsecount="1"/>
      <line num="322" count="1" type="stmt"/>
      <line num="327" count="8" type="cond" truecount="2" falsecount="0"/>
      <line num="328" count="4" type="stmt"/>
      <line num="329" count="8" type="stmt"/>
      <line num="333" count="8" type="cond" truecount="2" falsecount="0"/>
      <line num="334" count="4" type="stmt"/>
      <line num="337" count="8" type="stmt"/>
    </file>
  </project>
</coverage>
