{"/Users/philipziolkowski/Development/code/stanford/roar-utils/src/utils.js": {"path":"/Users/philipziolkowski/Development/code/stanford/roar-utils/src/utils.js","statementMap":{"0":{"start":{"line":9,"column":2},"end":{"line":12,"column":5}},"1":{"start":{"line":10,"column":4},"end":{"line":10,"column":36}},"2":{"start":{"line":10,"column":12},"end":{"line":10,"column":36}},"3":{"start":{"line":11,"column":4},"end":{"line":11,"column":28}},"4":{"start":{"line":17,"column":14},"end":{"line":17,"column":16}},"5":{"start":{"line":19,"column":2},"end":{"line":22,"column":3}},"6":{"start":{"line":20,"column":21},"end":{"line":20,"column":46}},"7":{"start":{"line":21,"column":4},"end":{"line":21,"column":39}},"8":{"start":{"line":24,"column":2},"end":{"line":24,"column":13}},"9":{"start":{"line":44,"column":2},"end":{"line":48,"column":3}},"10":{"start":{"line":45,"column":4},"end":{"line":45,"column":24}},"11":{"start":{"line":47,"column":4},"end":{"line":47,"column":24}},"12":{"start":{"line":50,"column":2},"end":{"line":50,"column":31}},"13":{"start":{"line":55,"column":2},"end":{"line":55,"column":37}},"14":{"start":{"line":55,"column":19},"end":{"line":55,"column":37}},"15":{"start":{"line":57,"column":16},"end":{"line":57,"column":74}},"16":{"start":{"line":58,"column":2},"end":{"line":61,"column":3}},"17":{"start":{"line":60,"column":5},"end":{"line":60,"column":17}},"18":{"start":{"line":62,"column":2},"end":{"line":62,"column":36}},"19":{"start":{"line":67,"column":2},"end":{"line":69,"column":3}},"20":{"start":{"line":68,"column":4},"end":{"line":68,"column":19}},"21":{"start":{"line":70,"column":2},"end":{"line":70,"column":18}},"22":{"start":{"line":74,"column":2},"end":{"line":88,"column":3}},"23":{"start":{"line":75,"column":6},"end":{"line":75,"column":57}},"24":{"start":{"line":76,"column":9},"end":{"line":88,"column":3}},"25":{"start":{"line":77,"column":6},"end":{"line":77,"column":54}},"26":{"start":{"line":78,"column":9},"end":{"line":88,"column":3}},"27":{"start":{"line":79,"column":6},"end":{"line":79,"column":50}},"28":{"start":{"line":80,"column":9},"end":{"line":88,"column":3}},"29":{"start":{"line":81,"column":6},"end":{"line":81,"column":57}},"30":{"start":{"line":82,"column":9},"end":{"line":88,"column":3}},"31":{"start":{"line":83,"column":6},"end":{"line":83,"column":47}},"32":{"start":{"line":84,"column":9},"end":{"line":88,"column":3}},"33":{"start":{"line":85,"column":6},"end":{"line":85,"column":40}},"34":{"start":{"line":87,"column":6},"end":{"line":87,"column":47}},"35":{"start":{"line":92,"column":19},"end":{"line":92,"column":37}},"36":{"start":{"line":93,"column":2},"end":{"line":95,"column":3}},"37":{"start":{"line":94,"column":6},"end":{"line":94,"column":71}},"38":{"start":{"line":96,"column":2},"end":{"line":96,"column":53}},"39":{"start":{"line":96,"column":37},"end":{"line":96,"column":53}},"40":{"start":{"line":97,"column":2},"end":{"line":97,"column":52}},"41":{"start":{"line":97,"column":37},"end":{"line":97,"column":52}},"42":{"start":{"line":98,"column":2},"end":{"line":98,"column":52}},"43":{"start":{"line":98,"column":37},"end":{"line":98,"column":52}},"44":{"start":{"line":99,"column":2},"end":{"line":99,"column":113}},"45":{"start":{"line":116,"column":15},"end":{"line":116,"column":51}},"46":{"start":{"line":117,"column":14},"end":{"line":117,"column":35}},"47":{"start":{"line":118,"column":17},"end":{"line":118,"column":28}},"48":{"start":{"line":120,"column":23},"end":{"line":129,"column":3}},"49":{"start":{"line":121,"column":4},"end":{"line":128,"column":7}},"50":{"start":{"line":122,"column":24},"end":{"line":122,"column":46}},"51":{"start":{"line":123,"column":29},"end":{"line":123,"column":54}},"52":{"start":{"line":124,"column":32},"end":{"line":124,"column":56}},"53":{"start":{"line":125,"column":27},"end":{"line":125,"column":115}},"54":{"start":{"line":127,"column":6},"end":{"line":127,"column":58}},"55":{"start":{"line":131,"column":28},"end":{"line":156,"column":3}},"56":{"start":{"line":133,"column":4},"end":{"line":136,"column":5}},"57":{"start":{"line":134,"column":8},"end":{"line":134,"column":45}},"58":{"start":{"line":135,"column":8},"end":{"line":135,"column":15}},"59":{"start":{"line":139,"column":4},"end":{"line":145,"column":5}},"60":{"start":{"line":140,"column":8},"end":{"line":144,"column":9}},"61":{"start":{"line":141,"column":12},"end":{"line":141,"column":75}},"62":{"start":{"line":143,"column":12},"end":{"line":143,"column":77}},"63":{"start":{"line":148,"column":4},"end":{"line":150,"column":5}},"64":{"start":{"line":149,"column":8},"end":{"line":149,"column":51}},"65":{"start":{"line":153,"column":4},"end":{"line":155,"column":5}},"66":{"start":{"line":154,"column":8},"end":{"line":154,"column":47}},"67":{"start":{"line":158,"column":34},"end":{"line":162,"column":3}},"68":{"start":{"line":159,"column":6},"end":{"line":161,"column":9}},"69":{"start":{"line":160,"column":10},"end":{"line":160,"column":57}},"70":{"start":{"line":164,"column":29},"end":{"line":173,"column":3}},"71":{"start":{"line":165,"column":6},"end":{"line":172,"column":7}},"72":{"start":{"line":166,"column":10},"end":{"line":166,"column":47}},"73":{"start":{"line":168,"column":10},"end":{"line":171,"column":13}},"74":{"start":{"line":169,"column":32},"end":{"line":169,"column":78}},"75":{"start":{"line":170,"column":14},"end":{"line":170,"column":49}},"76":{"start":{"line":175,"column":2},"end":{"line":179,"column":3}},"77":{"start":{"line":176,"column":4},"end":{"line":178,"column":7}},"78":{"start":{"line":177,"column":6},"end":{"line":177,"column":37}},"79":{"start":{"line":181,"column":2},"end":{"line":183,"column":3}},"80":{"start":{"line":182,"column":4},"end":{"line":182,"column":42}},"81":{"start":{"line":185,"column":2},"end":{"line":185,"column":16}},"82":{"start":{"line":210,"column":22},"end":{"line":210,"column":24}},"83":{"start":{"line":211,"column":14},"end":{"line":211,"column":35}},"84":{"start":{"line":212,"column":17},"end":{"line":212,"column":28}},"85":{"start":{"line":215,"column":6},"end":{"line":239,"column":9}},"86":{"start":{"line":216,"column":26},"end":{"line":216,"column":48}},"87":{"start":{"line":217,"column":31},"end":{"line":217,"column":119}},"88":{"start":{"line":220,"column":10},"end":{"line":235,"column":11}},"89":{"start":{"line":221,"column":14},"end":{"line":234,"column":16}},"90":{"start":{"line":238,"column":10},"end":{"line":238,"column":61}},"91":{"start":{"line":278,"column":4},"end":{"line":281,"column":5}},"92":{"start":{"line":279,"column":8},"end":{"line":279,"column":52}},"93":{"start":{"line":280,"column":8},"end":{"line":280,"column":15}},"94":{"start":{"line":284,"column":4},"end":{"line":286,"column":5}},"95":{"start":{"line":285,"column":8},"end":{"line":285,"column":85}},"96":{"start":{"line":289,"column":4},"end":{"line":291,"column":5}},"97":{"start":{"line":290,"column":8},"end":{"line":290,"column":58}},"98":{"start":{"line":294,"column":4},"end":{"line":296,"column":5}},"99":{"start":{"line":295,"column":8},"end":{"line":295,"column":54}},"100":{"start":{"line":301,"column":4},"end":{"line":305,"column":5}},"101":{"start":{"line":302,"column":8},"end":{"line":302,"column":72}},"102":{"start":{"line":304,"column":8},"end":{"line":304,"column":74}},"103":{"start":{"line":310,"column":4},"end":{"line":312,"column":7}},"104":{"start":{"line":311,"column":8},"end":{"line":311,"column":62}},"105":{"start":{"line":317,"column":4},"end":{"line":324,"column":5}},"106":{"start":{"line":318,"column":8},"end":{"line":318,"column":52}},"107":{"start":{"line":320,"column":8},"end":{"line":323,"column":11}},"108":{"start":{"line":321,"column":30},"end":{"line":321,"column":76}},"109":{"start":{"line":322,"column":12},"end":{"line":322,"column":54}},"110":{"start":{"line":327,"column":2},"end":{"line":331,"column":3}},"111":{"start":{"line":328,"column":6},"end":{"line":330,"column":9}},"112":{"start":{"line":329,"column":10},"end":{"line":329,"column":48}},"113":{"start":{"line":333,"column":2},"end":{"line":335,"column":3}},"114":{"start":{"line":334,"column":6},"end":{"line":334,"column":59}},"115":{"start":{"line":337,"column":2},"end":{"line":337,"column":23}}},"fnMap":{"0":{"name":"camelize","decl":{"start":{"line":8,"column":16},"end":{"line":8,"column":24}},"loc":{"start":{"line":8,"column":33},"end":{"line":13,"column":1}},"line":8},"1":{"name":"(anonymous_1)","decl":{"start":{"line":9,"column":48},"end":{"line":9,"column":49}},"loc":{"start":{"line":9,"column":68},"end":{"line":12,"column":3}},"line":9},"2":{"name":"camelizeFiles","decl":{"start":{"line":16,"column":16},"end":{"line":16,"column":29}},"loc":{"start":{"line":16,"column":37},"end":{"line":25,"column":1}},"line":16},"3":{"name":"playFeedbackAudio","decl":{"start":{"line":41,"column":16},"end":{"line":41,"column":33}},"loc":{"start":{"line":41,"column":69},"end":{"line":51,"column":1}},"line":41},"4":{"name":"getLanguage","decl":{"start":{"line":54,"column":9},"end":{"line":54,"column":20}},"loc":{"start":{"line":54,"column":34},"end":{"line":63,"column":1}},"line":54},"5":{"name":"getDevice","decl":{"start":{"line":66,"column":9},"end":{"line":66,"column":18}},"loc":{"start":{"line":66,"column":21},"end":{"line":71,"column":1}},"line":66},"6":{"name":"getFormattedURL","decl":{"start":{"line":73,"column":9},"end":{"line":73,"column":24}},"loc":{"start":{"line":73,"column":84},"end":{"line":89,"column":1}},"line":73},"7":{"name":"getAssetType","decl":{"start":{"line":91,"column":9},"end":{"line":91,"column":21}},"loc":{"start":{"line":91,"column":29},"end":{"line":100,"column":1}},"line":91},"8":{"name":"generateAssetObject","decl":{"start":{"line":115,"column":16},"end":{"line":115,"column":35}},"loc":{"start":{"line":115,"column":63},"end":{"line":186,"column":1}},"line":115},"9":{"name":"(anonymous_9)","decl":{"start":{"line":120,"column":23},"end":{"line":120,"column":24}},"loc":{"start":{"line":120,"column":87},"end":{"line":129,"column":3}},"line":120},"10":{"name":"(anonymous_10)","decl":{"start":{"line":121,"column":16},"end":{"line":121,"column":17}},"loc":{"start":{"line":121,"column":30},"end":{"line":128,"column":5}},"line":121},"11":{"name":"(anonymous_11)","decl":{"start":{"line":131,"column":28},"end":{"line":131,"column":29}},"loc":{"start":{"line":131,"column":64},"end":{"line":156,"column":3}},"line":131},"12":{"name":"(anonymous_12)","decl":{"start":{"line":158,"column":34},"end":{"line":158,"column":35}},"loc":{"start":{"line":158,"column":57},"end":{"line":162,"column":3}},"line":158},"13":{"name":"(anonymous_13)","decl":{"start":{"line":159,"column":37},"end":{"line":159,"column":38}},"loc":{"start":{"line":159,"column":60},"end":{"line":161,"column":7}},"line":159},"14":{"name":"(anonymous_14)","decl":{"start":{"line":164,"column":29},"end":{"line":164,"column":30}},"loc":{"start":{"line":164,"column":47},"end":{"line":173,"column":3}},"line":164},"15":{"name":"(anonymous_15)","decl":{"start":{"line":168,"column":47},"end":{"line":168,"column":48}},"loc":{"start":{"line":168,"column":70},"end":{"line":171,"column":11}},"line":168},"16":{"name":"(anonymous_16)","decl":{"start":{"line":176,"column":41},"end":{"line":176,"column":42}},"loc":{"start":{"line":176,"column":67},"end":{"line":178,"column":5}},"line":176},"17":{"name":"createPreloadTrials","decl":{"start":{"line":209,"column":16},"end":{"line":209,"column":35}},"loc":{"start":{"line":209,"column":67},"end":{"line":338,"column":1}},"line":209},"18":{"name":"handleAssets","decl":{"start":{"line":214,"column":11},"end":{"line":214,"column":23}},"loc":{"start":{"line":214,"column":94},"end":{"line":240,"column":3}},"line":214},"19":{"name":"(anonymous_19)","decl":{"start":{"line":215,"column":21},"end":{"line":215,"column":22}},"loc":{"start":{"line":215,"column":35},"end":{"line":239,"column":7}},"line":215},"20":{"name":"handleGroupAssets","decl":{"start":{"line":275,"column":11},"end":{"line":275,"column":28}},"loc":{"start":{"line":275,"column":68},"end":{"line":297,"column":3}},"line":275},"21":{"name":"handleLanguageSpecificAssets","decl":{"start":{"line":300,"column":11},"end":{"line":300,"column":39}},"loc":{"start":{"line":300,"column":82},"end":{"line":306,"column":3}},"line":300},"22":{"name":"handleAssetsForAllTypes","decl":{"start":{"line":309,"column":11},"end":{"line":309,"column":34}},"loc":{"start":{"line":309,"column":61},"end":{"line":313,"column":3}},"line":309},"23":{"name":"(anonymous_23)","decl":{"start":{"line":310,"column":35},"end":{"line":310,"column":36}},"loc":{"start":{"line":310,"column":58},"end":{"line":312,"column":5}},"line":310},"24":{"name":"handleSharedAssets","decl":{"start":{"line":316,"column":11},"end":{"line":316,"column":29}},"loc":{"start":{"line":316,"column":51},"end":{"line":325,"column":3}},"line":316},"25":{"name":"(anonymous_25)","decl":{"start":{"line":320,"column":45},"end":{"line":320,"column":46}},"loc":{"start":{"line":320,"column":68},"end":{"line":323,"column":9}},"line":320},"26":{"name":"(anonymous_26)","decl":{"start":{"line":328,"column":47},"end":{"line":328,"column":48}},"loc":{"start":{"line":328,"column":73},"end":{"line":330,"column":7}},"line":328}},"branchMap":{"0":{"loc":{"start":{"line":10,"column":4},"end":{"line":10,"column":36}},"type":"if","locations":[{"start":{"line":10,"column":4},"end":{"line":10,"column":36}},{"start":{},"end":{}}],"line":10},"1":{"loc":{"start":{"line":44,"column":2},"end":{"line":48,"column":3}},"type":"if","locations":[{"start":{"line":44,"column":2},"end":{"line":48,"column":3}},{"start":{"line":46,"column":9},"end":{"line":48,"column":3}}],"line":44},"2":{"loc":{"start":{"line":44,"column":6},"end":{"line":44,"column":53}},"type":"binary-expr","locations":[{"start":{"line":44,"column":6},"end":{"line":44,"column":23}},{"start":{"line":44,"column":27},"end":{"line":44,"column":53}}],"line":44},"3":{"loc":{"start":{"line":55,"column":2},"end":{"line":55,"column":37}},"type":"if","locations":[{"start":{"line":55,"column":2},"end":{"line":55,"column":37}},{"start":{},"end":{}}],"line":55},"4":{"loc":{"start":{"line":58,"column":2},"end":{"line":61,"column":3}},"type":"if","locations":[{"start":{"line":58,"column":2},"end":{"line":61,"column":3}},{"start":{},"end":{}}],"line":58},"5":{"loc":{"start":{"line":62,"column":9},"end":{"line":62,"column":35}},"type":"binary-expr","locations":[{"start":{"line":62,"column":9},"end":{"line":62,"column":30}},{"start":{"line":62,"column":34},"end":{"line":62,"column":35}}],"line":62},"6":{"loc":{"start":{"line":67,"column":2},"end":{"line":69,"column":3}},"type":"if","locations":[{"start":{"line":67,"column":2},"end":{"line":69,"column":3}},{"start":{},"end":{}}],"line":67},"7":{"loc":{"start":{"line":67,"column":6},"end":{"line":67,"column":89}},"type":"binary-expr","locations":[{"start":{"line":67,"column":6},"end":{"line":67,"column":32}},{"start":{"line":67,"column":37},"end":{"line":67,"column":60}},{"start":{"line":67,"column":64},"end":{"line":67,"column":88}}],"line":67},"8":{"loc":{"start":{"line":74,"column":2},"end":{"line":88,"column":3}},"type":"if","locations":[{"start":{"line":74,"column":2},"end":{"line":88,"column":3}},{"start":{"line":76,"column":9},"end":{"line":88,"column":3}}],"line":74},"9":{"loc":{"start":{"line":74,"column":6},"end":{"line":74,"column":81}},"type":"binary-expr","locations":[{"start":{"line":74,"column":7},"end":{"line":74,"column":16}},{"start":{"line":74,"column":20},"end":{"line":74,"column":26}},{"start":{"line":74,"column":30},"end":{"line":74,"column":47}},{"start":{"line":74,"column":53},"end":{"line":74,"column":59}},{"start":{"line":74,"column":63},"end":{"line":74,"column":80}}],"line":74},"10":{"loc":{"start":{"line":76,"column":9},"end":{"line":88,"column":3}},"type":"if","locations":[{"start":{"line":76,"column":9},"end":{"line":88,"column":3}},{"start":{"line":78,"column":9},"end":{"line":88,"column":3}}],"line":76},"11":{"loc":{"start":{"line":76,"column":13},"end":{"line":76,"column":88}},"type":"binary-expr","locations":[{"start":{"line":76,"column":14},"end":{"line":76,"column":23}},{"start":{"line":76,"column":27},"end":{"line":76,"column":33}},{"start":{"line":76,"column":37},"end":{"line":76,"column":54}},{"start":{"line":76,"column":60},"end":{"line":76,"column":66}},{"start":{"line":76,"column":70},"end":{"line":76,"column":87}}],"line":76},"12":{"loc":{"start":{"line":78,"column":9},"end":{"line":88,"column":3}},"type":"if","locations":[{"start":{"line":78,"column":9},"end":{"line":88,"column":3}},{"start":{"line":80,"column":9},"end":{"line":88,"column":3}}],"line":78},"13":{"loc":{"start":{"line":80,"column":9},"end":{"line":88,"column":3}},"type":"if","locations":[{"start":{"line":80,"column":9},"end":{"line":88,"column":3}},{"start":{"line":82,"column":9},"end":{"line":88,"column":3}}],"line":80},"14":{"loc":{"start":{"line":82,"column":9},"end":{"line":88,"column":3}},"type":"if","locations":[{"start":{"line":82,"column":9},"end":{"line":88,"column":3}},{"start":{"line":84,"column":9},"end":{"line":88,"column":3}}],"line":82},"15":{"loc":{"start":{"line":84,"column":9},"end":{"line":88,"column":3}},"type":"if","locations":[{"start":{"line":84,"column":9},"end":{"line":88,"column":3}},{"start":{"line":86,"column":9},"end":{"line":88,"column":3}}],"line":84},"16":{"loc":{"start":{"line":93,"column":2},"end":{"line":95,"column":3}},"type":"if","locations":[{"start":{"line":93,"column":2},"end":{"line":95,"column":3}},{"start":{},"end":{}}],"line":93},"17":{"loc":{"start":{"line":96,"column":2},"end":{"line":96,"column":53}},"type":"if","locations":[{"start":{"line":96,"column":2},"end":{"line":96,"column":53}},{"start":{},"end":{}}],"line":96},"18":{"loc":{"start":{"line":97,"column":2},"end":{"line":97,"column":52}},"type":"if","locations":[{"start":{"line":97,"column":2},"end":{"line":97,"column":52}},{"start":{},"end":{}}],"line":97},"19":{"loc":{"start":{"line":98,"column":2},"end":{"line":98,"column":52}},"type":"if","locations":[{"start":{"line":98,"column":2},"end":{"line":98,"column":52}},{"start":{},"end":{}}],"line":98},"20":{"loc":{"start":{"line":120,"column":35},"end":{"line":120,"column":63}},"type":"default-arg","locations":[{"start":{"line":120,"column":58},"end":{"line":120,"column":63}}],"line":120},"21":{"loc":{"start":{"line":120,"column":65},"end":{"line":120,"column":82}},"type":"default-arg","locations":[{"start":{"line":120,"column":77},"end":{"line":120,"column":82}}],"line":120},"22":{"loc":{"start":{"line":131,"column":42},"end":{"line":131,"column":59}},"type":"default-arg","locations":[{"start":{"line":131,"column":54},"end":{"line":131,"column":59}}],"line":131},"23":{"loc":{"start":{"line":133,"column":4},"end":{"line":136,"column":5}},"type":"if","locations":[{"start":{"line":133,"column":4},"end":{"line":136,"column":5}},{"start":{},"end":{}}],"line":133},"24":{"loc":{"start":{"line":139,"column":4},"end":{"line":145,"column":5}},"type":"if","locations":[{"start":{"line":139,"column":4},"end":{"line":145,"column":5}},{"start":{},"end":{}}],"line":139},"25":{"loc":{"start":{"line":140,"column":8},"end":{"line":144,"column":9}},"type":"if","locations":[{"start":{"line":140,"column":8},"end":{"line":144,"column":9}},{"start":{"line":142,"column":15},"end":{"line":144,"column":9}}],"line":140},"26":{"loc":{"start":{"line":148,"column":4},"end":{"line":150,"column":5}},"type":"if","locations":[{"start":{"line":148,"column":4},"end":{"line":150,"column":5}},{"start":{},"end":{}}],"line":148},"27":{"loc":{"start":{"line":153,"column":4},"end":{"line":155,"column":5}},"type":"if","locations":[{"start":{"line":153,"column":4},"end":{"line":155,"column":5}},{"start":{},"end":{}}],"line":153},"28":{"loc":{"start":{"line":165,"column":6},"end":{"line":172,"column":7}},"type":"if","locations":[{"start":{"line":165,"column":6},"end":{"line":172,"column":7}},{"start":{"line":167,"column":13},"end":{"line":172,"column":7}}],"line":165},"29":{"loc":{"start":{"line":169,"column":32},"end":{"line":169,"column":78}},"type":"cond-expr","locations":[{"start":{"line":169,"column":52},"end":{"line":169,"column":67}},{"start":{"line":169,"column":70},"end":{"line":169,"column":78}}],"line":169},"30":{"loc":{"start":{"line":175,"column":2},"end":{"line":179,"column":3}},"type":"if","locations":[{"start":{"line":175,"column":2},"end":{"line":179,"column":3}},{"start":{},"end":{}}],"line":175},"31":{"loc":{"start":{"line":181,"column":2},"end":{"line":183,"column":3}},"type":"if","locations":[{"start":{"line":181,"column":2},"end":{"line":183,"column":3}},{"start":{},"end":{}}],"line":181},"32":{"loc":{"start":{"line":214,"column":45},"end":{"line":214,"column":73}},"type":"default-arg","locations":[{"start":{"line":214,"column":68},"end":{"line":214,"column":73}}],"line":214},"33":{"loc":{"start":{"line":214,"column":75},"end":{"line":214,"column":92}},"type":"default-arg","locations":[{"start":{"line":214,"column":87},"end":{"line":214,"column":92}}],"line":214},"34":{"loc":{"start":{"line":220,"column":10},"end":{"line":235,"column":11}},"type":"if","locations":[{"start":{"line":220,"column":10},"end":{"line":235,"column":11}},{"start":{},"end":{}}],"line":220},"35":{"loc":{"start":{"line":275,"column":49},"end":{"line":275,"column":66}},"type":"default-arg","locations":[{"start":{"line":275,"column":61},"end":{"line":275,"column":66}}],"line":275},"36":{"loc":{"start":{"line":278,"column":4},"end":{"line":281,"column":5}},"type":"if","locations":[{"start":{"line":278,"column":4},"end":{"line":281,"column":5}},{"start":{},"end":{}}],"line":278},"37":{"loc":{"start":{"line":284,"column":4},"end":{"line":286,"column":5}},"type":"if","locations":[{"start":{"line":284,"column":4},"end":{"line":286,"column":5}},{"start":{},"end":{}}],"line":284},"38":{"loc":{"start":{"line":289,"column":4},"end":{"line":291,"column":5}},"type":"if","locations":[{"start":{"line":289,"column":4},"end":{"line":291,"column":5}},{"start":{},"end":{}}],"line":289},"39":{"loc":{"start":{"line":294,"column":4},"end":{"line":296,"column":5}},"type":"if","locations":[{"start":{"line":294,"column":4},"end":{"line":296,"column":5}},{"start":{},"end":{}}],"line":294},"40":{"loc":{"start":{"line":301,"column":4},"end":{"line":305,"column":5}},"type":"if","locations":[{"start":{"line":301,"column":4},"end":{"line":305,"column":5}},{"start":{"line":303,"column":11},"end":{"line":305,"column":5}}],"line":301},"41":{"loc":{"start":{"line":317,"column":4},"end":{"line":324,"column":5}},"type":"if","locations":[{"start":{"line":317,"column":4},"end":{"line":324,"column":5}},{"start":{"line":319,"column":11},"end":{"line":324,"column":5}}],"line":317},"42":{"loc":{"start":{"line":321,"column":30},"end":{"line":321,"column":76}},"type":"cond-expr","locations":[{"start":{"line":321,"column":50},"end":{"line":321,"column":65}},{"start":{"line":321,"column":68},"end":{"line":321,"column":76}}],"line":321},"43":{"loc":{"start":{"line":327,"column":2},"end":{"line":331,"column":3}},"type":"if","locations":[{"start":{"line":327,"column":2},"end":{"line":331,"column":3}},{"start":{},"end":{}}],"line":327},"44":{"loc":{"start":{"line":333,"column":2},"end":{"line":335,"column":3}},"type":"if","locations":[{"start":{"line":333,"column":2},"end":{"line":335,"column":3}},{"start":{},"end":{}}],"line":333}},"s":{"0":95,"1":92,"2":91,"3":1,"4":1,"5":1,"6":10,"7":10,"8":1,"9":0,"10":0,"11":0,"12":0,"13":16,"14":0,"15":16,"16":16,"17":16,"18":0,"19":16,"20":0,"21":16,"22":138,"23":16,"24":122,"25":12,"26":110,"27":18,"28":92,"29":6,"30":86,"31":18,"32":68,"33":20,"34":48,"35":138,"36":138,"37":0,"38":138,"39":48,"40":90,"41":42,"42":48,"43":48,"44":0,"45":8,"46":8,"47":8,"48":8,"49":24,"50":69,"51":69,"52":69,"53":69,"54":69,"55":8,"56":12,"57":3,"58":3,"59":9,"60":6,"61":3,"62":3,"63":9,"64":3,"65":9,"66":9,"67":8,"68":3,"69":6,"70":8,"71":9,"72":8,"73":1,"74":1,"75":1,"76":8,"77":4,"78":8,"79":8,"80":4,"81":8,"82":8,"83":8,"84":8,"85":24,"86":69,"87":69,"88":69,"89":12,"90":69,"91":12,"92":3,"93":3,"94":9,"95":6,"96":9,"97":3,"98":9,"99":9,"100":6,"101":3,"102":3,"103":3,"104":6,"105":9,"106":8,"107":1,"108":1,"109":1,"110":8,"111":4,"112":8,"113":8,"114":4,"115":8},"f":{"0":95,"1":92,"2":1,"3":0,"4":16,"5":16,"6":138,"7":138,"8":8,"9":24,"10":69,"11":12,"12":3,"13":6,"14":9,"15":1,"16":8,"17":8,"18":24,"19":69,"20":12,"21":6,"22":3,"23":6,"24":9,"25":1,"26":8},"b":{"0":[91,1],"1":[0,0],"2":[0,0],"3":[0,16],"4":[16,0],"5":[0,0],"6":[0,16],"7":[16,16,0],"8":[16,122],"9":[138,8,8,134,24],"10":[12,110],"11":[122,4,4,118,8],"12":[18,92],"13":[6,86],"14":[18,68],"15":[20,48],"16":[0,138],"17":[48,90],"18":[42,48],"19":[48,0],"20":[18],"21":[18],"22":[8],"23":[3,9],"24":[6,3],"25":[3,3],"26":[3,6],"27":[9,0],"28":[8,1],"29":[1,0],"30":[4,4],"31":[4,4],"32":[18],"33":[18],"34":[12,57],"35":[8],"36":[3,9],"37":[6,3],"38":[3,6],"39":[9,0],"40":[3,3],"41":[8,1],"42":[1,0],"43":[4,4],"44":[4,4]},"_coverageSchema":"1a1c01bbd47fc00a2c39e90264f33305004495a9","hash":"96ed0ee73e3eda26391755714d47629468f5ace6"}
}
