{"/Users/philipziolkowski/Development/code/stanford/roar-utils/src/testFunctions.js": {"path":"/Users/philipziolkowski/Development/code/stanford/roar-utils/src/testFunctions.js","statementMap":{"0":{"start":{"line":8,"column":4},"end":{"line":11,"column":7}},"1":{"start":{"line":9,"column":6},"end":{"line":9,"column":38}},"2":{"start":{"line":9,"column":14},"end":{"line":9,"column":38}},"3":{"start":{"line":10,"column":6},"end":{"line":10,"column":30}},"4":{"start":{"line":15,"column":16},"end":{"line":15,"column":18}},"5":{"start":{"line":17,"column":4},"end":{"line":20,"column":5}},"6":{"start":{"line":18,"column":23},"end":{"line":18,"column":48}},"7":{"start":{"line":19,"column":6},"end":{"line":19,"column":41}},"8":{"start":{"line":22,"column":4},"end":{"line":22,"column":15}},"9":{"start":{"line":26,"column":4},"end":{"line":40,"column":5}},"10":{"start":{"line":27,"column":8},"end":{"line":27,"column":59}},"11":{"start":{"line":28,"column":11},"end":{"line":40,"column":5}},"12":{"start":{"line":29,"column":8},"end":{"line":29,"column":56}},"13":{"start":{"line":30,"column":11},"end":{"line":40,"column":5}},"14":{"start":{"line":31,"column":8},"end":{"line":31,"column":52}},"15":{"start":{"line":32,"column":11},"end":{"line":40,"column":5}},"16":{"start":{"line":33,"column":8},"end":{"line":33,"column":59}},"17":{"start":{"line":34,"column":11},"end":{"line":40,"column":5}},"18":{"start":{"line":35,"column":8},"end":{"line":35,"column":49}},"19":{"start":{"line":36,"column":11},"end":{"line":40,"column":5}},"20":{"start":{"line":37,"column":8},"end":{"line":37,"column":42}},"21":{"start":{"line":39,"column":8},"end":{"line":39,"column":49}},"22":{"start":{"line":44,"column":21},"end":{"line":44,"column":39}},"23":{"start":{"line":45,"column":4},"end":{"line":47,"column":5}},"24":{"start":{"line":46,"column":8},"end":{"line":46,"column":73}},"25":{"start":{"line":48,"column":4},"end":{"line":48,"column":55}},"26":{"start":{"line":48,"column":39},"end":{"line":48,"column":55}},"27":{"start":{"line":49,"column":4},"end":{"line":49,"column":54}},"28":{"start":{"line":49,"column":39},"end":{"line":49,"column":54}},"29":{"start":{"line":50,"column":4},"end":{"line":50,"column":54}},"30":{"start":{"line":50,"column":39},"end":{"line":50,"column":54}},"31":{"start":{"line":51,"column":4},"end":{"line":51,"column":115}},"32":{"start":{"line":55,"column":17},"end":{"line":55,"column":53}},"33":{"start":{"line":56,"column":16},"end":{"line":56,"column":20}},"34":{"start":{"line":57,"column":19},"end":{"line":57,"column":28}},"35":{"start":{"line":59,"column":25},"end":{"line":68,"column":5}},"36":{"start":{"line":60,"column":6},"end":{"line":67,"column":9}},"37":{"start":{"line":61,"column":26},"end":{"line":61,"column":48}},"38":{"start":{"line":62,"column":31},"end":{"line":62,"column":56}},"39":{"start":{"line":63,"column":34},"end":{"line":63,"column":58}},"40":{"start":{"line":64,"column":29},"end":{"line":64,"column":117}},"41":{"start":{"line":66,"column":8},"end":{"line":66,"column":60}},"42":{"start":{"line":70,"column":30},"end":{"line":101,"column":5}},"43":{"start":{"line":71,"column":6},"end":{"line":100,"column":7}},"44":{"start":{"line":72,"column":8},"end":{"line":72,"column":45}},"45":{"start":{"line":74,"column":8},"end":{"line":82,"column":9}},"46":{"start":{"line":75,"column":10},"end":{"line":81,"column":11}},"47":{"start":{"line":76,"column":12},"end":{"line":76,"column":75}},"48":{"start":{"line":78,"column":12},"end":{"line":80,"column":15}},"49":{"start":{"line":79,"column":14},"end":{"line":79,"column":61}},"50":{"start":{"line":83,"column":8},"end":{"line":85,"column":9}},"51":{"start":{"line":84,"column":10},"end":{"line":84,"column":53}},"52":{"start":{"line":86,"column":8},"end":{"line":99,"column":9}},"53":{"start":{"line":87,"column":10},"end":{"line":98,"column":11}},"54":{"start":{"line":88,"column":12},"end":{"line":88,"column":55}},"55":{"start":{"line":91,"column":12},"end":{"line":97,"column":15}},"56":{"start":{"line":92,"column":14},"end":{"line":96,"column":15}},"57":{"start":{"line":93,"column":16},"end":{"line":93,"column":57}},"58":{"start":{"line":95,"column":16},"end":{"line":95,"column":50}},"59":{"start":{"line":103,"column":4},"end":{"line":107,"column":5}},"60":{"start":{"line":104,"column":6},"end":{"line":106,"column":9}},"61":{"start":{"line":105,"column":8},"end":{"line":105,"column":39}},"62":{"start":{"line":109,"column":4},"end":{"line":111,"column":5}},"63":{"start":{"line":110,"column":6},"end":{"line":110,"column":44}},"64":{"start":{"line":113,"column":4},"end":{"line":113,"column":18}},"65":{"start":{"line":117,"column":24},"end":{"line":117,"column":26}},"66":{"start":{"line":118,"column":16},"end":{"line":118,"column":20}},"67":{"start":{"line":119,"column":19},"end":{"line":119,"column":28}},"68":{"start":{"line":122,"column":8},"end":{"line":146,"column":11}},"69":{"start":{"line":123,"column":28},"end":{"line":123,"column":50}},"70":{"start":{"line":124,"column":33},"end":{"line":124,"column":121}},"71":{"start":{"line":127,"column":12},"end":{"line":142,"column":13}},"72":{"start":{"line":128,"column":16},"end":{"line":141,"column":18}},"73":{"start":{"line":145,"column":12},"end":{"line":145,"column":63}},"74":{"start":{"line":150,"column":8},"end":{"line":179,"column":9}},"75":{"start":{"line":151,"column":12},"end":{"line":151,"column":56}},"76":{"start":{"line":153,"column":12},"end":{"line":161,"column":13}},"77":{"start":{"line":154,"column":16},"end":{"line":160,"column":17}},"78":{"start":{"line":155,"column":20},"end":{"line":155,"column":90}},"79":{"start":{"line":157,"column":20},"end":{"line":159,"column":23}},"80":{"start":{"line":158,"column":24},"end":{"line":158,"column":78}},"81":{"start":{"line":162,"column":12},"end":{"line":164,"column":13}},"82":{"start":{"line":163,"column":16},"end":{"line":163,"column":66}},"83":{"start":{"line":165,"column":12},"end":{"line":178,"column":13}},"84":{"start":{"line":166,"column":16},"end":{"line":177,"column":17}},"85":{"start":{"line":167,"column":20},"end":{"line":167,"column":70}},"86":{"start":{"line":170,"column":20},"end":{"line":176,"column":23}},"87":{"start":{"line":171,"column":24},"end":{"line":175,"column":25}},"88":{"start":{"line":172,"column":28},"end":{"line":172,"column":76}},"89":{"start":{"line":174,"column":28},"end":{"line":174,"column":69}},"90":{"start":{"line":182,"column":4},"end":{"line":186,"column":5}},"91":{"start":{"line":183,"column":8},"end":{"line":185,"column":11}},"92":{"start":{"line":184,"column":12},"end":{"line":184,"column":50}},"93":{"start":{"line":188,"column":4},"end":{"line":190,"column":5}},"94":{"start":{"line":189,"column":8},"end":{"line":189,"column":61}},"95":{"start":{"line":192,"column":4},"end":{"line":192,"column":25}}},"fnMap":{"0":{"name":"camelize","decl":{"start":{"line":7,"column":16},"end":{"line":7,"column":24}},"loc":{"start":{"line":7,"column":33},"end":{"line":12,"column":3}},"line":7},"1":{"name":"(anonymous_1)","decl":{"start":{"line":8,"column":50},"end":{"line":8,"column":51}},"loc":{"start":{"line":8,"column":70},"end":{"line":11,"column":5}},"line":8},"2":{"name":"camelizeFiles","decl":{"start":{"line":14,"column":18},"end":{"line":14,"column":31}},"loc":{"start":{"line":14,"column":39},"end":{"line":23,"column":3}},"line":14},"3":{"name":"getFormattedURL","decl":{"start":{"line":25,"column":18},"end":{"line":25,"column":33}},"loc":{"start":{"line":25,"column":93},"end":{"line":41,"column":3}},"line":25},"4":{"name":"getAssetType","decl":{"start":{"line":43,"column":18},"end":{"line":43,"column":30}},"loc":{"start":{"line":43,"column":38},"end":{"line":52,"column":3}},"line":43},"5":{"name":"generateAssetObject","decl":{"start":{"line":54,"column":16},"end":{"line":54,"column":35}},"loc":{"start":{"line":54,"column":63},"end":{"line":114,"column":3}},"line":54},"6":{"name":"(anonymous_6)","decl":{"start":{"line":59,"column":25},"end":{"line":59,"column":26}},"loc":{"start":{"line":59,"column":89},"end":{"line":68,"column":5}},"line":59},"7":{"name":"(anonymous_7)","decl":{"start":{"line":60,"column":18},"end":{"line":60,"column":19}},"loc":{"start":{"line":60,"column":32},"end":{"line":67,"column":7}},"line":60},"8":{"name":"(anonymous_8)","decl":{"start":{"line":70,"column":30},"end":{"line":70,"column":31}},"loc":{"start":{"line":70,"column":66},"end":{"line":101,"column":5}},"line":70},"9":{"name":"(anonymous_9)","decl":{"start":{"line":78,"column":65},"end":{"line":78,"column":66}},"loc":{"start":{"line":78,"column":88},"end":{"line":80,"column":13}},"line":78},"10":{"name":"(anonymous_10)","decl":{"start":{"line":91,"column":55},"end":{"line":91,"column":56}},"loc":{"start":{"line":91,"column":78},"end":{"line":97,"column":13}},"line":91},"11":{"name":"(anonymous_11)","decl":{"start":{"line":104,"column":43},"end":{"line":104,"column":44}},"loc":{"start":{"line":104,"column":69},"end":{"line":106,"column":7}},"line":104},"12":{"name":"createPreloadTrials","decl":{"start":{"line":116,"column":16},"end":{"line":116,"column":35}},"loc":{"start":{"line":116,"column":67},"end":{"line":193,"column":1}},"line":116},"13":{"name":"handleAssets","decl":{"start":{"line":121,"column":13},"end":{"line":121,"column":25}},"loc":{"start":{"line":121,"column":96},"end":{"line":147,"column":5}},"line":121},"14":{"name":"(anonymous_14)","decl":{"start":{"line":122,"column":23},"end":{"line":122,"column":24}},"loc":{"start":{"line":122,"column":37},"end":{"line":146,"column":9}},"line":122},"15":{"name":"handleGroupAssets","decl":{"start":{"line":149,"column":13},"end":{"line":149,"column":30}},"loc":{"start":{"line":149,"column":70},"end":{"line":180,"column":5}},"line":149},"16":{"name":"(anonymous_16)","decl":{"start":{"line":157,"column":73},"end":{"line":157,"column":74}},"loc":{"start":{"line":157,"column":96},"end":{"line":159,"column":21}},"line":157},"17":{"name":"(anonymous_17)","decl":{"start":{"line":170,"column":63},"end":{"line":170,"column":64}},"loc":{"start":{"line":170,"column":86},"end":{"line":176,"column":21}},"line":170},"18":{"name":"(anonymous_18)","decl":{"start":{"line":183,"column":49},"end":{"line":183,"column":50}},"loc":{"start":{"line":183,"column":75},"end":{"line":185,"column":9}},"line":183}},"branchMap":{"0":{"loc":{"start":{"line":9,"column":6},"end":{"line":9,"column":38}},"type":"if","locations":[{"start":{"line":9,"column":6},"end":{"line":9,"column":38}},{"start":{},"end":{}}],"line":9},"1":{"loc":{"start":{"line":26,"column":4},"end":{"line":40,"column":5}},"type":"if","locations":[{"start":{"line":26,"column":4},"end":{"line":40,"column":5}},{"start":{"line":28,"column":11},"end":{"line":40,"column":5}}],"line":26},"2":{"loc":{"start":{"line":26,"column":8},"end":{"line":26,"column":83}},"type":"binary-expr","locations":[{"start":{"line":26,"column":9},"end":{"line":26,"column":18}},{"start":{"line":26,"column":22},"end":{"line":26,"column":28}},{"start":{"line":26,"column":32},"end":{"line":26,"column":49}},{"start":{"line":26,"column":55},"end":{"line":26,"column":61}},{"start":{"line":26,"column":65},"end":{"line":26,"column":82}}],"line":26},"3":{"loc":{"start":{"line":28,"column":11},"end":{"line":40,"column":5}},"type":"if","locations":[{"start":{"line":28,"column":11},"end":{"line":40,"column":5}},{"start":{"line":30,"column":11},"end":{"line":40,"column":5}}],"line":28},"4":{"loc":{"start":{"line":28,"column":15},"end":{"line":28,"column":90}},"type":"binary-expr","locations":[{"start":{"line":28,"column":16},"end":{"line":28,"column":25}},{"start":{"line":28,"column":29},"end":{"line":28,"column":35}},{"start":{"line":28,"column":39},"end":{"line":28,"column":56}},{"start":{"line":28,"column":62},"end":{"line":28,"column":68}},{"start":{"line":28,"column":72},"end":{"line":28,"column":89}}],"line":28},"5":{"loc":{"start":{"line":30,"column":11},"end":{"line":40,"column":5}},"type":"if","locations":[{"start":{"line":30,"column":11},"end":{"line":40,"column":5}},{"start":{"line":32,"column":11},"end":{"line":40,"column":5}}],"line":30},"6":{"loc":{"start":{"line":32,"column":11},"end":{"line":40,"column":5}},"type":"if","locations":[{"start":{"line":32,"column":11},"end":{"line":40,"column":5}},{"start":{"line":34,"column":11},"end":{"line":40,"column":5}}],"line":32},"7":{"loc":{"start":{"line":34,"column":11},"end":{"line":40,"column":5}},"type":"if","locations":[{"start":{"line":34,"column":11},"end":{"line":40,"column":5}},{"start":{"line":36,"column":11},"end":{"line":40,"column":5}}],"line":34},"8":{"loc":{"start":{"line":36,"column":11},"end":{"line":40,"column":5}},"type":"if","locations":[{"start":{"line":36,"column":11},"end":{"line":40,"column":5}},{"start":{"line":38,"column":11},"end":{"line":40,"column":5}}],"line":36},"9":{"loc":{"start":{"line":45,"column":4},"end":{"line":47,"column":5}},"type":"if","locations":[{"start":{"line":45,"column":4},"end":{"line":47,"column":5}},{"start":{},"end":{}}],"line":45},"10":{"loc":{"start":{"line":48,"column":4},"end":{"line":48,"column":55}},"type":"if","locations":[{"start":{"line":48,"column":4},"end":{"line":48,"column":55}},{"start":{},"end":{}}],"line":48},"11":{"loc":{"start":{"line":49,"column":4},"end":{"line":49,"column":54}},"type":"if","locations":[{"start":{"line":49,"column":4},"end":{"line":49,"column":54}},{"start":{},"end":{}}],"line":49},"12":{"loc":{"start":{"line":50,"column":4},"end":{"line":50,"column":54}},"type":"if","locations":[{"start":{"line":50,"column":4},"end":{"line":50,"column":54}},{"start":{},"end":{}}],"line":50},"13":{"loc":{"start":{"line":59,"column":37},"end":{"line":59,"column":65}},"type":"default-arg","locations":[{"start":{"line":59,"column":60},"end":{"line":59,"column":65}}],"line":59},"14":{"loc":{"start":{"line":59,"column":67},"end":{"line":59,"column":84}},"type":"default-arg","locations":[{"start":{"line":59,"column":79},"end":{"line":59,"column":84}}],"line":59},"15":{"loc":{"start":{"line":70,"column":44},"end":{"line":70,"column":61}},"type":"default-arg","locations":[{"start":{"line":70,"column":56},"end":{"line":70,"column":61}}],"line":70},"16":{"loc":{"start":{"line":71,"column":6},"end":{"line":100,"column":7}},"type":"if","locations":[{"start":{"line":71,"column":6},"end":{"line":100,"column":7}},{"start":{"line":73,"column":13},"end":{"line":100,"column":7}}],"line":71},"17":{"loc":{"start":{"line":74,"column":8},"end":{"line":82,"column":9}},"type":"if","locations":[{"start":{"line":74,"column":8},"end":{"line":82,"column":9}},{"start":{},"end":{}}],"line":74},"18":{"loc":{"start":{"line":75,"column":10},"end":{"line":81,"column":11}},"type":"if","locations":[{"start":{"line":75,"column":10},"end":{"line":81,"column":11}},{"start":{"line":77,"column":17},"end":{"line":81,"column":11}}],"line":75},"19":{"loc":{"start":{"line":83,"column":8},"end":{"line":85,"column":9}},"type":"if","locations":[{"start":{"line":83,"column":8},"end":{"line":85,"column":9}},{"start":{},"end":{}}],"line":83},"20":{"loc":{"start":{"line":86,"column":8},"end":{"line":99,"column":9}},"type":"if","locations":[{"start":{"line":86,"column":8},"end":{"line":99,"column":9}},{"start":{},"end":{}}],"line":86},"21":{"loc":{"start":{"line":87,"column":10},"end":{"line":98,"column":11}},"type":"if","locations":[{"start":{"line":87,"column":10},"end":{"line":98,"column":11}},{"start":{"line":89,"column":17},"end":{"line":98,"column":11}}],"line":87},"22":{"loc":{"start":{"line":92,"column":14},"end":{"line":96,"column":15}},"type":"if","locations":[{"start":{"line":92,"column":14},"end":{"line":96,"column":15}},{"start":{"line":94,"column":21},"end":{"line":96,"column":15}}],"line":92},"23":{"loc":{"start":{"line":103,"column":4},"end":{"line":107,"column":5}},"type":"if","locations":[{"start":{"line":103,"column":4},"end":{"line":107,"column":5}},{"start":{},"end":{}}],"line":103},"24":{"loc":{"start":{"line":109,"column":4},"end":{"line":111,"column":5}},"type":"if","locations":[{"start":{"line":109,"column":4},"end":{"line":111,"column":5}},{"start":{},"end":{}}],"line":109},"25":{"loc":{"start":{"line":121,"column":47},"end":{"line":121,"column":75}},"type":"default-arg","locations":[{"start":{"line":121,"column":70},"end":{"line":121,"column":75}}],"line":121},"26":{"loc":{"start":{"line":121,"column":77},"end":{"line":121,"column":94}},"type":"default-arg","locations":[{"start":{"line":121,"column":89},"end":{"line":121,"column":94}}],"line":121},"27":{"loc":{"start":{"line":127,"column":12},"end":{"line":142,"column":13}},"type":"if","locations":[{"start":{"line":127,"column":12},"end":{"line":142,"column":13}},{"start":{},"end":{}}],"line":127},"28":{"loc":{"start":{"line":149,"column":51},"end":{"line":149,"column":68}},"type":"default-arg","locations":[{"start":{"line":149,"column":63},"end":{"line":149,"column":68}}],"line":149},"29":{"loc":{"start":{"line":150,"column":8},"end":{"line":179,"column":9}},"type":"if","locations":[{"start":{"line":150,"column":8},"end":{"line":179,"column":9}},{"start":{"line":152,"column":15},"end":{"line":179,"column":9}}],"line":150},"30":{"loc":{"start":{"line":153,"column":12},"end":{"line":161,"column":13}},"type":"if","locations":[{"start":{"line":153,"column":12},"end":{"line":161,"column":13}},{"start":{},"end":{}}],"line":153},"31":{"loc":{"start":{"line":154,"column":16},"end":{"line":160,"column":17}},"type":"if","locations":[{"start":{"line":154,"column":16},"end":{"line":160,"column":17}},{"start":{"line":156,"column":23},"end":{"line":160,"column":17}}],"line":154},"32":{"loc":{"start":{"line":162,"column":12},"end":{"line":164,"column":13}},"type":"if","locations":[{"start":{"line":162,"column":12},"end":{"line":164,"column":13}},{"start":{},"end":{}}],"line":162},"33":{"loc":{"start":{"line":165,"column":12},"end":{"line":178,"column":13}},"type":"if","locations":[{"start":{"line":165,"column":12},"end":{"line":178,"column":13}},{"start":{},"end":{}}],"line":165},"34":{"loc":{"start":{"line":166,"column":16},"end":{"line":177,"column":17}},"type":"if","locations":[{"start":{"line":166,"column":16},"end":{"line":177,"column":17}},{"start":{"line":168,"column":23},"end":{"line":177,"column":17}}],"line":166},"35":{"loc":{"start":{"line":171,"column":24},"end":{"line":175,"column":25}},"type":"if","locations":[{"start":{"line":171,"column":24},"end":{"line":175,"column":25}},{"start":{"line":173,"column":31},"end":{"line":175,"column":25}}],"line":171},"36":{"loc":{"start":{"line":182,"column":4},"end":{"line":186,"column":5}},"type":"if","locations":[{"start":{"line":182,"column":4},"end":{"line":186,"column":5}},{"start":{},"end":{}}],"line":182},"37":{"loc":{"start":{"line":188,"column":4},"end":{"line":190,"column":5}},"type":"if","locations":[{"start":{"line":188,"column":4},"end":{"line":190,"column":5}},{"start":{},"end":{}}],"line":188}},"s":{"0":95,"1":92,"2":91,"3":1,"4":1,"5":1,"6":10,"7":10,"8":1,"9":69,"10":8,"11":61,"12":6,"13":55,"14":9,"15":46,"16":3,"17":43,"18":9,"19":34,"20":10,"21":24,"22":69,"23":69,"24":0,"25":69,"26":24,"27":45,"28":21,"29":24,"30":24,"31":0,"32":8,"33":8,"34":8,"35":8,"36":24,"37":69,"38":69,"39":69,"40":69,"41":69,"42":8,"43":12,"44":3,"45":9,"46":6,"47":3,"48":3,"49":6,"50":9,"51":3,"52":9,"53":9,"54":8,"55":1,"56":1,"57":1,"58":0,"59":8,"60":4,"61":8,"62":8,"63":4,"64":8,"65":0,"66":0,"67":0,"68":0,"69":0,"70":0,"71":0,"72":0,"73":0,"74":0,"75":0,"76":0,"77":0,"78":0,"79":0,"80":0,"81":0,"82":0,"83":0,"84":0,"85":0,"86":0,"87":0,"88":0,"89":0,"90":0,"91":0,"92":0,"93":0,"94":0,"95":0},"f":{"0":95,"1":92,"2":1,"3":69,"4":69,"5":8,"6":24,"7":69,"8":12,"9":6,"10":1,"11":8,"12":0,"13":0,"14":0,"15":0,"16":0,"17":0,"18":0},"b":{"0":[91,1],"1":[8,61],"2":[69,4,4,67,12],"3":[6,55],"4":[61,2,2,59,4],"5":[9,46],"6":[3,43],"7":[9,34],"8":[10,24],"9":[0,69],"10":[24,45],"11":[21,24],"12":[24,0],"13":[18],"14":[18],"15":[8],"16":[3,9],"17":[6,3],"18":[3,3],"19":[3,6],"20":[9,0],"21":[8,1],"22":[1,0],"23":[4,4],"24":[4,4],"25":[0],"26":[0],"27":[0,0],"28":[0],"29":[0,0],"30":[0,0],"31":[0,0],"32":[0,0],"33":[0,0],"34":[0,0],"35":[0,0],"36":[0,0],"37":[0,0]},"_coverageSchema":"1a1c01bbd47fc00a2c39e90264f33305004495a9","hash":"6afb59805bc5153e28b7cb7ffc71014010ee7cfb"}
}
