TN:
SF:src/testFunctions.js
FN:7,camelize
FN:8,(anonymous_1)
FN:14,camelizeFiles
FN:25,getFormattedURL
FN:43,getAssetType
FN:54,generateAssetObject
FN:59,(anonymous_6)
FN:60,(anonymous_7)
FN:70,(anonymous_8)
FN:78,(anonymous_9)
FN:91,(anonymous_10)
FN:104,(anonymous_11)
FN:116,createPreloadTrials
FN:121,handleAssets
FN:122,(anonymous_14)
FN:149,handleGroupAssets
FN:157,(anonymous_16)
FN:170,(anonymous_17)
FN:183,(anonymous_18)
FNF:19
FNH:12
FNDA:95,camelize
FNDA:92,(anonymous_1)
FNDA:1,camelizeFiles
FNDA:69,getFormattedURL
FNDA:69,getAssetType
FNDA:8,generateAssetObject
FNDA:24,(anonymous_6)
FNDA:69,(anonymous_7)
FNDA:12,(anonymous_8)
FNDA:6,(anonymous_9)
FNDA:1,(anonymous_10)
FNDA:8,(anonymous_11)
FNDA:0,createPreloadTrials
FNDA:0,handleAssets
FNDA:0,(anonymous_14)
FNDA:0,handleGroupAssets
FNDA:0,(anonymous_16)
FNDA:0,(anonymous_17)
FNDA:0,(anonymous_18)
DA:8,95
DA:9,92
DA:10,1
DA:15,1
DA:17,1
DA:18,10
DA:19,10
DA:22,1
DA:26,69
DA:27,8
DA:28,61
DA:29,6
DA:30,55
DA:31,9
DA:32,46
DA:33,3
DA:34,43
DA:35,9
DA:36,34
DA:37,10
DA:39,24
DA:44,69
DA:45,69
DA:46,0
DA:48,69
DA:49,45
DA:50,24
DA:51,0
DA:55,8
DA:56,8
DA:57,8
DA:59,8
DA:60,24
DA:61,69
DA:62,69
DA:63,69
DA:64,69
DA:66,69
DA:70,8
DA:71,12
DA:72,3
DA:74,9
DA:75,6
DA:76,3
DA:78,3
DA:79,6
DA:83,9
DA:84,3
DA:86,9
DA:87,9
DA:88,8
DA:91,1
DA:92,1
DA:93,1
DA:95,0
DA:103,8
DA:104,4
DA:105,8
DA:109,8
DA:110,4
DA:113,8
DA:117,0
DA:118,0
DA:119,0
DA:122,0
DA:123,0
DA:124,0
DA:127,0
DA:128,0
DA:145,0
DA:150,0
DA:151,0
DA:153,0
DA:154,0
DA:155,0
DA:157,0
DA:158,0
DA:162,0
DA:163,0
DA:165,0
DA:166,0
DA:167,0
DA:170,0
DA:171,0
DA:172,0
DA:174,0
DA:182,0
DA:183,0
DA:184,0
DA:188,0
DA:189,0
DA:192,0
LF:92
LH:58
BRDA:9,0,0,91
BRDA:9,0,1,1
BRDA:26,1,0,8
BRDA:26,1,1,61
BRDA:26,2,0,69
BRDA:26,2,1,4
BRDA:26,2,2,4
BRDA:26,2,3,67
BRDA:26,2,4,12
BRDA:28,3,0,6
BRDA:28,3,1,55
BRDA:28,4,0,61
BRDA:28,4,1,2
BRDA:28,4,2,2
BRDA:28,4,3,59
BRDA:28,4,4,4
BRDA:30,5,0,9
BRDA:30,5,1,46
BRDA:32,6,0,3
BRDA:32,6,1,43
BRDA:34,7,0,9
BRDA:34,7,1,34
BRDA:36,8,0,10
BRDA:36,8,1,24
BRDA:45,9,0,0
BRDA:45,9,1,69
BRDA:48,10,0,24
BRDA:48,10,1,45
BRDA:49,11,0,21
BRDA:49,11,1,24
BRDA:50,12,0,24
BRDA:50,12,1,0
BRDA:59,13,0,18
BRDA:59,14,0,18
BRDA:70,15,0,8
BRDA:71,16,0,3
BRDA:71,16,1,9
BRDA:74,17,0,6
BRDA:74,17,1,3
BRDA:75,18,0,3
BRDA:75,18,1,3
BRDA:83,19,0,3
BRDA:83,19,1,6
BRDA:86,20,0,9
BRDA:86,20,1,0
BRDA:87,21,0,8
BRDA:87,21,1,1
BRDA:92,22,0,1
BRDA:92,22,1,0
BRDA:103,23,0,4
BRDA:103,23,1,4
BRDA:109,24,0,4
BRDA:109,24,1,4
BRDA:121,25,0,0
BRDA:121,26,0,0
BRDA:127,27,0,0
BRDA:127,27,1,0
BRDA:149,28,0,0
BRDA:150,29,0,0
BRDA:150,29,1,0
BRDA:153,30,0,0
BRDA:153,30,1,0
BRDA:154,31,0,0
BRDA:154,31,1,0
BRDA:162,32,0,0
BRDA:162,32,1,0
BRDA:165,33,0,0
BRDA:165,33,1,0
BRDA:166,34,0,0
BRDA:166,34,1,0
BRDA:171,35,0,0
BRDA:171,35,1,0
BRDA:182,36,0,0
BRDA:182,36,1,0
BRDA:188,37,0,0
BRDA:188,37,1,0
BRF:76
BRH:49
end_of_record
