TN:
SF:src/utils.js
FN:8,camelize
FN:9,(anonymous_1)
FN:16,camelizeFiles
FN:41,playFeedbackAudio
FN:54,getLanguage
FN:66,getDevice
FN:73,getFormattedURL
FN:91,getAssetType
FN:115,generateAssetObject
FN:120,(anonymous_9)
FN:121,(anonymous_10)
FN:131,(anonymous_11)
FN:158,(anonymous_12)
FN:159,(anonymous_13)
FN:164,(anonymous_14)
FN:168,(anonymous_15)
FN:176,(anonymous_16)
FN:209,createPreloadTrials
FN:214,handleAssets
FN:215,(anonymous_19)
FN:275,handleGroupAssets
FN:300,handleLanguageSpecificAssets
FN:309,handleAssetsForAllTypes
FN:310,(anonymous_23)
FN:316,handleSharedAssets
FN:320,(anonymous_25)
FN:328,(anonymous_26)
FNF:27
FNH:26
FNDA:95,camelize
FNDA:92,(anonymous_1)
FNDA:1,camelizeFiles
FNDA:0,playFeedbackAudio
FNDA:16,getLanguage
FNDA:16,getDevice
FNDA:138,getFormattedURL
FNDA:138,getAssetType
FNDA:8,generateAssetObject
FNDA:24,(anonymous_9)
FNDA:69,(anonymous_10)
FNDA:12,(anonymous_11)
FNDA:3,(anonymous_12)
FNDA:6,(anonymous_13)
FNDA:9,(anonymous_14)
FNDA:1,(anonymous_15)
FNDA:8,(anonymous_16)
FNDA:8,createPreloadTrials
FNDA:24,handleAssets
FNDA:69,(anonymous_19)
FNDA:12,handleGroupAssets
FNDA:6,handleLanguageSpecificAssets
FNDA:3,handleAssetsForAllTypes
FNDA:6,(anonymous_23)
FNDA:9,handleSharedAssets
FNDA:1,(anonymous_25)
FNDA:8,(anonymous_26)
DA:9,95
DA:10,92
DA:11,1
DA:17,1
DA:19,1
DA:20,10
DA:21,10
DA:24,1
DA:44,0
DA:45,0
DA:47,0
DA:50,0
DA:55,16
DA:57,16
DA:58,16
DA:60,16
DA:62,0
DA:67,16
DA:68,0
DA:70,16
DA:74,138
DA:75,16
DA:76,122
DA:77,12
DA:78,110
DA:79,18
DA:80,92
DA:81,6
DA:82,86
DA:83,18
DA:84,68
DA:85,20
DA:87,48
DA:92,138
DA:93,138
DA:94,0
DA:96,138
DA:97,90
DA:98,48
DA:99,0
DA:116,8
DA:117,8
DA:118,8
DA:120,8
DA:121,24
DA:122,69
DA:123,69
DA:124,69
DA:125,69
DA:127,69
DA:131,8
DA:133,12
DA:134,3
DA:135,3
DA:139,9
DA:140,6
DA:141,3
DA:143,3
DA:148,9
DA:149,3
DA:153,9
DA:154,9
DA:158,8
DA:159,3
DA:160,6
DA:164,8
DA:165,9
DA:166,8
DA:168,1
DA:169,1
DA:170,1
DA:175,8
DA:176,4
DA:177,8
DA:181,8
DA:182,4
DA:185,8
DA:210,8
DA:211,8
DA:212,8
DA:215,24
DA:216,69
DA:217,69
DA:220,69
DA:221,12
DA:238,69
DA:278,12
DA:279,3
DA:280,3
DA:284,9
DA:285,6
DA:289,9
DA:290,3
DA:294,9
DA:295,9
DA:301,6
DA:302,3
DA:304,3
DA:310,3
DA:311,6
DA:317,9
DA:318,8
DA:320,1
DA:321,1
DA:322,1
DA:327,8
DA:328,4
DA:329,8
DA:333,8
DA:334,4
DA:337,8
LF:111
LH:103
BRDA:10,0,0,91
BRDA:10,0,1,1
BRDA:44,1,0,0
BRDA:44,1,1,0
BRDA:44,2,0,0
BRDA:44,2,1,0
BRDA:55,3,0,0
BRDA:55,3,1,16
BRDA:58,4,0,16
BRDA:58,4,1,0
BRDA:62,5,0,0
BRDA:62,5,1,0
BRDA:67,6,0,0
BRDA:67,6,1,16
BRDA:67,7,0,16
BRDA:67,7,1,16
BRDA:67,7,2,0
BRDA:74,8,0,16
BRDA:74,8,1,122
BRDA:74,9,0,138
BRDA:74,9,1,8
BRDA:74,9,2,8
BRDA:74,9,3,134
BRDA:74,9,4,24
BRDA:76,10,0,12
BRDA:76,10,1,110
BRDA:76,11,0,122
BRDA:76,11,1,4
BRDA:76,11,2,4
BRDA:76,11,3,118
BRDA:76,11,4,8
BRDA:78,12,0,18
BRDA:78,12,1,92
BRDA:80,13,0,6
BRDA:80,13,1,86
BRDA:82,14,0,18
BRDA:82,14,1,68
BRDA:84,15,0,20
BRDA:84,15,1,48
BRDA:93,16,0,0
BRDA:93,16,1,138
BRDA:96,17,0,48
BRDA:96,17,1,90
BRDA:97,18,0,42
BRDA:97,18,1,48
BRDA:98,19,0,48
BRDA:98,19,1,0
BRDA:120,20,0,18
BRDA:120,21,0,18
BRDA:131,22,0,8
BRDA:133,23,0,3
BRDA:133,23,1,9
BRDA:139,24,0,6
BRDA:139,24,1,3
BRDA:140,25,0,3
BRDA:140,25,1,3
BRDA:148,26,0,3
BRDA:148,26,1,6
BRDA:153,27,0,9
BRDA:153,27,1,0
BRDA:165,28,0,8
BRDA:165,28,1,1
BRDA:169,29,0,1
BRDA:169,29,1,0
BRDA:175,30,0,4
BRDA:175,30,1,4
BRDA:181,31,0,4
BRDA:181,31,1,4
BRDA:214,32,0,18
BRDA:214,33,0,18
BRDA:220,34,0,12
BRDA:220,34,1,57
BRDA:275,35,0,8
BRDA:278,36,0,3
BRDA:278,36,1,9
BRDA:284,37,0,6
BRDA:284,37,1,3
BRDA:289,38,0,3
BRDA:289,38,1,6
BRDA:294,39,0,9
BRDA:294,39,1,0
BRDA:301,40,0,3
BRDA:301,40,1,3
BRDA:317,41,0,8
BRDA:317,41,1,1
BRDA:321,42,0,1
BRDA:321,42,1,0
BRDA:327,43,0,4
BRDA:327,43,1,4
BRDA:333,44,0,4
BRDA:333,44,1,4
BRF:91
BRH:75
end_of_record
